<?xml version="1.0" encoding="UTF-8"?>
<!-- Generated by org.testng.reporters.JUnitReportReporter -->
<testsuite hostname="HB-laptops-035" failures="0" tests="1" name="harman.Class1" time="12.801" errors="0" timestamp="2021-06-25T21:39:05 EDT" skipped="0">
  <testcase classname="harman.Class1" name="exo" time="12.801"/>
  <system-out/>
</testsuite> <!-- harman.Class1 -->
