<?xml version="1.0" encoding="UTF-8"?>
<!-- Generated by org.testng.reporters.JUnitReportReporter -->
<testsuite hostname="HB-laptops-035" failures="0" tests="2" name="harman.Class2" time="19.477" errors="0" timestamp="2021-06-25T21:41:59 EDT" skipped="0">
  <testcase classname="harman.Class2" name="buttons" time="10.516"/>
  <system-out/>
  <testcase classname="harman.Class2" name="imagess" time="8.961"/>
  <system-out/>
</testsuite> <!-- harman.Class2 -->
